<?xml version="1.0" encoding="UTF-8"?>
<!-- Generated by org.testng.reporters.JUnitReportReporter -->
<testsuite skipped="0" hostname="Nitya" name="practiceTest.GoogleTest" tests="1" failures="0" timestamp="11 Feb 2023 08:17:10 GMT" time="7.721" errors="0">
  <testcase name="titleTest" time="7.721" classname="practiceTest.GoogleTest"/>
</testsuite> <!-- practiceTest.GoogleTest -->
