<?xml version="1.0" encoding="UTF-8"?>
<!-- Generated by org.testng.reporters.JUnitReportReporter -->
<testsuite skipped="0" hostname="Nitya" name="practiceTest.Testing" tests="3" failures="0" timestamp="10 Feb 2023 15:18:30 GMT" time="0.021" errors="0">
  <testcase name="zebra" time="0.003" classname="practiceTest.Testing"/>
  <testcase name="cabra" time="0.003" classname="practiceTest.Testing"/>
  <testcase name="addtocart" time="0.015" classname="practiceTest.Testing"/>
</testsuite> <!-- practiceTest.Testing -->
