<?xml version="1.0" encoding="UTF-8"?>
<!-- Generated by org.testng.reporters.JUnitReportReporter -->
<testsuite skipped="0" hostname="Nitya" name="practiceTest.AmazonDuplicateValueTest" tests="1" failures="0" timestamp="06 Mar 2023 16:35:29 GMT" time="14.536" errors="0">
  <testcase name="amazonTest" time="14.536" classname="practiceTest.AmazonDuplicateValueTest"/>
</testsuite> <!-- practiceTest.AmazonDuplicateValueTest -->
